19700123205854	1	odhzEjkXuUxdq0AILoVA99qpNqSU	 
20150401162437	2	gh_1bed55d79ef5	
19700123205854	1	odhzEjkXuUxdq0AILoVA99qpNqSU	 
20150401162447	2	gh_1bed55d79ef5	
19700123205854	1	odhzEjkXuUxdq0AILoVA99qpNqSU	 
20150401162458	2	gh_1bed55d79ef5	
19700124001419	1	odhzEjoLkAZmA8shOxPfrnGX4z20	节奏:神秘歌曲09
20150401194041	2	gh_1bed55d79ef5	神秘歌曲09，长度=2:31，BPM=124.0，4e=lv0.0/0.0，4n=lv6.0/858.0，4h=lv0.0/0.0，5e=lv0.0/0.0，5n=lv0.0/0.0，5h=lv0.0/0.0，6e=lv0.0/0.0，6n=lv0.0/0.0，6h=lv0.0/0.0
19700124001513	1	odhzEjoLkAZmA8shOxPfrnGX4z20	节奏:神秘歌曲094n
20150401194134	2	gh_1bed55d79ef5	神秘歌曲09，长度=2:31，BPM=124.0，4n难度=6.0，满键=858.0，满分=492060.0，SSS=489599.7，SS=479758.5，S=467457.0
19700124001823	1	odhzEjoLkAZmA8shOxPfrnGX4z20	节奏:神秘歌曲095n
20150401194444	2	gh_1bed55d79ef5	程序出错
19700124002138	1	odhzEjoLkAZmA8shOxPfrnGX4z20	节奏:神秘歌曲094h
20150401194759	2	gh_1bed55d79ef5	神秘歌曲09，长度=2:31，BPM=124.0，4h难度=0.0，满键=0.0，满分=-22740.0，SSS=-22626.3，SS=-22171.5，S=-21603.0
19700124232318	1	odhzEjkXuUxdq0AILoVA99qpNqSU	节奏：蜀绣4h
20150402184849	2	gh_1bed55d79ef5	蜀绣，长度=2:13，BPM=120.0，4h难度=6.0，满键=1077.0，满分=623460.0，SSS=620342.7，SS=607873.5，S=592287.0
19700125133825	1	odhzEjkXuUxdq0AILoVA99qpNqSU	湖州天气
20150403090352	2	gh_1bed55d79ef5	湖州周五 04月03日 (实时：13℃)阵雨转阴，东风3-4级，17 ~ 13℃，明日阴转阵雨，微风，28 ~ 16℃
19700125133914	1	odhzEjkXuUxdq0AILoVA99qpNqSU	上海天气
20150403090442	2	gh_1bed55d79ef5	上海周五 04月03日 (实时：14℃)小雨，东北风微风，16 ~ 13℃，明日小雨，东南风微风，23 ~ 15℃
19700125135040	1	odhzEjkXuUxdq0AILoVA99qpNqSU	武汉天气
20150403091607	2	gh_1bed55d79ef5	武汉周五 04月03日 (实时：14℃)小雨转中雨，微风，18 ~ 13℃，明日中雨转大雨，微风，15 ~ 13℃，{"date":"周日","dayPictureUrl":"http:\/\/api.map.baidu.com\/images\/weather\/day\/zhongyu.png","nightPictureUrl":"http:\/\/api.map.baidu.com\/images\/weather\/night\/zhongyu.png","weather":"中雨","wind":"微风","temperature":"17 ~ 10℃"}中雨，微风，17 ~ 10℃，{"date":"周一","dayPictureUrl":"http:\/\/api.map.baidu.com\/images\/weather\/day\/xiaoyu.png","nightPictureUrl":"http:\/\/api.map.baidu.com\/images\/weather\/night\/zhongyu.png","weather":"小雨转中雨","wind":"微风","temperature":"13 ~ 6℃"}小雨转中雨，微风，13 ~ 6℃
19700125135157	1	odhzEjkXuUxdq0AILoVA99qpNqSU	武汉天气
20150403091723	2	gh_1bed55d79ef5	武汉周五 04月03日 (实时：14℃)小雨转中雨，微风，18 ~ 13℃，明日中雨转大雨，微风，15 ~ 13℃，周日中雨，微风，17 ~ 10℃，周一小雨转中雨，微风，13 ~ 6℃
19700125183113	1	odhzEjkXuUxdq0AILoVA99qpNqSU	节奏：克罗地亚
20150403135641	2	gh_1bed55d79ef5	名字包含“克罗地亚”的歌曲共有1首:《克罗地亚狂想曲》。
19700125183140	1	odhzEjkXuUxdq0AILoVA99qpNqSU	节奏：克罗地亚狂想曲5n
20150403135706	2	gh_1bed55d79ef5	程序出错
19700125183217	1	odhzEjkXuUxdq0AILoVA99qpNqSU	节奏：克罗地亚狂想曲5n
20150403135845	2	gh_1bed55d79ef5	程序出错
19700125183331	1	odhzEjkXuUxdq0AILoVA99qpNqSU	节奏：克罗地亚狂想曲5n
20150403135857	2	gh_1bed55d79ef5	克罗地亚狂想曲，长度=2:10，BPM=192.0，5n难度=9.0，满键=1171.0，满分=679860.0，SSS=676460.7，SS=662863.5，S=645867.0
19700125223346	1	odhzEjkXuUxdq0AILoVA99qpNqSU	节奏活跃：173606100
20150403175914	2	gh_1bed55d79ef5	缥缈过客(173606100)三日活跃：1475，七日活跃：3395，当月活跃：3395，当月平均每日活跃：485.00
20150403231256	183.131.105.193	17360610019700126042637	1	odhzEjkXuUxdq0AILoVA99qpNqSU	Drama4h
20150403235203	2	gh_1bed55d79ef5	
19700126042637	1	odhzEjkXuUxdq0AILoVA99qpNqSU	Drama4h
20150403235224	2	gh_1bed55d79ef5	
19700126042733	1	odhzEjkXuUxdq0AILoVA99qpNqSU	Drama4h
20150403235259	2	gh_1bed55d79ef5	
19700126042750	1	odhzEjkXuUxdq0AILoVA99qpNqSU	Drama4h
20150403235316	2	gh_1bed55d79ef5	
19700126042733	1	odhzEjkXuUxdq0AILoVA99qpNqSU	Drama4h
20150403235321	2	gh_1bed55d79ef5	
19700126042822	1	odhzEjkXuUxdq0AILoVA99qpNqSU	Drama4h
20150403235348	2	gh_1bed55d79ef5	
19700126042822	1	odhzEjkXuUxdq0AILoVA99qpNqSU	Drama4h
20150403235358	2	gh_1bed55d79ef5	
19700126042822	1	odhzEjkXuUxdq0AILoVA99qpNqSU	Drama4h
20150403235409	2	gh_1bed55d79ef5	
19700126042847	1	odhzEjkXuUxdq0AILoVA99qpNqSU	节奏：Drama4h
20150403235415	2	gh_1bed55d79ef5	Drama，长度=2:35，BPM=134.0，4h难度=9.0，满键=1328.0，满分=774060.0，SSS=770189.7，SS=754708.5，S=735357.0
19691208014631	1	odhzEjkXuUxdq0AILoVA99qpNqSU	上海天气
20150404141455	2	gh_1bed55d79ef5	上海周六 04月04日 (实时：17℃)阵雨，东南风微风，18 ~ 13℃，明日雷阵雨转中雨，东北风微风，17 ~ 13℃，周一小雨，北风3-4级，13 ~ 8℃，周二小雨，东北风微风，13 ~ 7℃
19691208021301	1	odhzEjoLkAZmA8shOxPfrnGX4z20	节奏:大地4h
20150404144113	2	gh_1bed55d79ef5	程序出错
19691208022212	1	odhzEjkXuUxdq0AILoVA99qpNqSU	节奏：大地4h
20150404145024	2	gh_1bed55d79ef5	程序出错
19691208022603	1	odhzEjkXuUxdq0AILoVA99qpNqSU	节奏：大地4h
20150404145438	2	gh_1bed55d79ef5	程序出错
19691208022603	1	odhzEjkXuUxdq0AILoVA99qpNqSU	节奏：大地4h
20150404145443	2	gh_1bed55d79ef5	程序出错
19691208022908	1	odhzEjkXuUxdq0AILoVA99qpNqSU	节奏：大地4h
20150404145720	2	gh_1bed55d79ef5	大地，长度=2:43，BPM=143.0，4h难度=7 ，满键=1449.0，满分=846660.0，SSS=842426.7，SS=825493.5，S=804327.0
19691208023219	1	odhzEjkXuUxdq0AILoVA99qpNqSU	节奏：大地4h
20150404150031	2	gh_1bed55d79ef5	大地，长度=2:43，BPM=143.0，4h难度=7，满键=1449，满分=846660，SSS=842427.0，SS=825494.0，S=804327.0
19691208023308	1	odhzEjkXuUxdq0AILoVA99qpNqSU	节奏:大地
20150404150121	2	gh_1bed55d79ef5	程序出错
19691208023451	1	odhzEjkXuUxdq0AILoVA99qpNqSU	节奏：大地
20150404150304	2	gh_1bed55d79ef5	程序出错
19691208023546	1	odhzEjkXuUxdq0AILoVA99qpNqSU	节奏：大地4h
20150404150359	2	gh_1bed55d79ef5	大地，长度=2:43，BPM=143.0，4h难度=7，满键=1449，满分=846660，SSS=842427，SS=825494，S=804327
19691208023552	1	odhzEjkXuUxdq0AILoVA99qpNqSU	节奏：大地
20150404150405	2	gh_1bed55d79ef5	大地，长度=2:43，BPM=143.0，4e=lv2/574，4n=lv4 /0，4h=lv7 /1449，5e=lv2 /574，5n=lv4 /927，5h=lv7 /1449，6e=lv2 /574，6n=lv4 /927，6h=lv7 /1449
19691208023634	1	odhzEjkXuUxdq0AILoVA99qpNqSU	节奏：大地4h
20150404150447	2	gh_1bed55d79ef5	大地，长度=2:43，BPM=143.0，4h难度=7，满键=1449，满分=846660，SSS=842427，SS=825494，S=804327
19691208024920	1	odhzEjkXuUxdq0AILoVA99qpNqSU	节奏:野蜂飞舞4h
20150404151733	2	gh_1bed55d79ef5	野蜂飞舞，长度=1:58，BPM=160.0，4h难度=9.0，满键=1405，满分=820260，SSS=816159，SS=799754，S=779247
19691208103812	1	odhzEjkXuUxdq0AILoVA99qpNqSU	萧山天气
20150404230624	2	gh_1bed55d79ef5	萧山周六 04月04日 (实时：16℃)阵雨，北风微风，15℃，明日雷阵雨转阵雨，东北风微风，22 ~ 10℃，周一阵雨，东北风微风，18 ~ 6℃，周二阵雨转阴，北风微风，11 ~ 6℃
19691208103906	1	odhzEjkXuUxdq0AILoVA99qpNqSU	上海天气
20150404230718	2	gh_1bed55d79ef5	上海周六 04月04日 (实时：16℃)雷阵雨，北风微风，14℃，明日中雨，东北风微风，17 ~ 10℃，周一中雨，北风3-4级，14 ~ 8℃，周二小雨，东北风3-4级，12 ~ 8℃
19691208223911	1	odhzEjkXuUxdq0AILoVA99qpNqSU	上海天气
20150405110722	2	gh_1bed55d79ef5	上海周日 04月05日 (实时：14℃)中雨，东北风微风，16 ~ 11℃，明日中雨转小雨，北风3-4级，13 ~ 8℃，周二小雨，东北风3-4级，10 ~ 7℃，周三阴转多云，东北风微风，13 ~ 10℃
19691210204956	1	odhzEjkXuUxdq0AILoVA99qpNqSU	苏州天气
20150407091827	2	gh_1bed55d79ef5	苏州周二 04月07日 (实时：7℃)阵雨，东北风4-5级，9 ~ 6℃，明日多云，东南风3-4级，12 ~ 7℃，周四多云转阴，东南风3-4级，14 ~ 8℃，周五多云，东南风3-4级，18 ~ 11℃
19691212203300	1	odhzEjkXuUxdq0AILoVA99qpNqSU	苏州天气
20150409090133	2	gh_1bed55d79ef5	苏州周四 04月09日 (实时：9℃)多云，东风微风，14 ~ 7℃，明日多云，东风微风，16 ~ 9℃，周六多云，东风微风，18 ~ 11℃，周日雷阵雨转小雨，西北风4-5级，20 ~ 8℃
19691215000028	1	odhzEjkXuUxdq0AILoVA99qpNqSU	苏州天气
20150411122914	2	gh_1bed55d79ef5	苏州周六 04月11日 (实时：17℃)多云，东南风微风，19 ~ 11℃，明日雷阵雨，西南风微风，21 ~ 8℃，周一阵雨转小雨，西北风5-6级，12 ~ 6℃，周二阴转多云，西北风3-4级，14 ~ 9℃
19691218082117	1	odhzEjkXuUxdq0AILoVA99qpNqSU	节奏：神秘歌曲15
20150414204933	2	gh_1bed55d79ef5	程序出错
19691218101844	1	odhzEjkXuUxdq0AILoVA99qpNqSU	节奏：神秘歌曲15
20150414224712	2	gh_1bed55d79ef5	程序出错
19691218102311	1	odhzEjkXuUxdq0AILoVA99qpNqSU	节奏：神秘歌曲15
20150414225127	2	gh_1bed55d79ef5	神秘歌曲15，长度=3:11，BPM=143.0，4e=lv0/0，4n=lv0/0，4h=lv8/1980，5e=lv0/0，5n=lv0/0，5h=lv0/0，6e=lv0/0，6n=lv0/0，6h=lv0/0
19691218102358	1	odhzEjkXuUxdq0AILoVA99qpNqSU	节奏：神秘歌曲154h
20150414225214	2	gh_1bed55d79ef5	神秘歌曲15，长度=3:11，BPM=143.0，4h难度=8.0，满键=1980，满分=1165260，SSS=1159434，SS=1136129，S=1106997
19691218111138	1	odhzEjkXuUxdq0AILoVA99qpNqSU	上海天气
20150414233956	2	gh_1bed55d79ef5	上海周二 04月14日 (实时：11℃)多云，西南风微风，11℃，明日多云，西南风微风，22 ~ 14℃，周四多云，北风3-4级，22 ~ 12℃，周五多云转阴，东南风微风，19 ~ 15℃
19691219105523	1	odhzEjkXuUxdq0AILoVA99qpNqSU	上海天气
20150415232340	2	gh_1bed55d79ef5	上海周三 04月15日 (实时：16℃)多云，西南风微风，15℃，明日多云，西北风微风，23 ~ 13℃，周五多云，东南风3-4级，20 ~ 15℃，周六阴，东南风微风，24 ~ 17℃
19691222032910	1	odhzEjkXuUxdq0AILoVA99qpNqSU	节奏：青鸟5n
20150418155708	2	gh_1bed55d79ef5	青鸟，长度=2:23，BPM=152.0，5n难度=5.0，满键=1356，满分=790860，SSS=786906，SS=771089，S=751317
19691222095042	1	odhzEjkXuUxdq0AILoVA99qpNqSU	节奏：Love of Red Moon5h
20150418221840	2	gh_1bed55d79ef5	名字包含“Love of Red Moon”的歌曲共有0首。
19691222095057	1	odhzEjkXuUxdq0AILoVA99qpNqSU	节奏：ove
20150418221904	2	gh_1bed55d79ef5	名字包含“ove”的歌曲共有6首:《As Long As You Love Me》，《First Love》，《Love of red moon》，《Love Runs Out》，《Moves Like Jagger》，《Sexy Love》。
19691222095138	1	odhzEjkXuUxdq0AILoVA99qpNqSU	节奏：Love of red moon5h
20150418221935	2	gh_1bed55d79ef5	Love of red moon，长度=1:47，BPM=150.0，5h难度=8.0，满键=1178，满分=684060，SSS=680640，SS=666959，S=649857
19691223042716	1	odhzEjkXuUxdq0AILoVA99qpNqSU	节奏：君往何处5h
20150419165513	2	gh_1bed55d79ef5	君往何处，长度=2:14，BPM=160.0，5h难度=9.0，满键=1456，满分=850860，SSS=846606，SS=829589，S=808317
19691225082401	1	odhzEjkXuUxdq0AILoVA99qpNqSU	节奏：伤心
20150421205243	2	gh_1bed55d79ef5	名字包含“伤心”的歌曲共有2首:《伤心的人别听慢歌》，《一千个伤心的理由》。
19691225082425	1	odhzEjkXuUxdq0AILoVA99qpNqSU	节奏：伤心的人别听慢歌4n
20150421205255	2	gh_1bed55d79ef5	伤心的人别听慢歌，长度=2:20，BPM=135.0，4n难度=5.0，满键=987，满分=569460，SSS=566613，SS=555224，S=540987
19700107190111	1	odhzEjkXuUxdq0AILoVA99qpNqSU	节奏：baby
20150505072949	2	gh_1bed55d79ef5	名字包含“baby”的歌曲共有0首。
19700107190227	1	odhzEjkXuUxdq0AILoVA99qpNqSU	节奏：Baby4h
20150505073055	2	gh_1bed55d79ef5	Baby，长度=2:32，BPM=130.0，4h难度=7.0，满键=1598，满分=936060，SSS=931380，SS=912659，S=889257
19700107190705	1	odhzEjgZxnMcky1Nbh-qA8--XY7s	null
20150505073533	2	gh_1bed55d79ef5	null
19700107190727	1	odhzEjiNb6z4vLyv94DQ_3rkR8e0	null
20150505073554	2	gh_1bed55d79ef5	null
19700107190741	1	odhzEjiNb6z4vLyv94DQ_3rkR8e0	活跃
20150505073609	2	gh_1bed55d79ef5	
19700107190751	1	odhzEjiNb6z4vLyv94DQ_3rkR8e0	823254062
20150505073618	2	gh_1bed55d79ef5	
19700107190741	1	odhzEjiNb6z4vLyv94DQ_3rkR8e0	活跃
20150505073619	2	gh_1bed55d79ef5	
19700107190751	1	odhzEjiNb6z4vLyv94DQ_3rkR8e0	823254062
20150505073628	2	gh_1bed55d79ef5	
19700107190741	1	odhzEjiNb6z4vLyv94DQ_3rkR8e0	活跃
20150505073630	2	gh_1bed55d79ef5	
19700107190751	1	odhzEjiNb6z4vLyv94DQ_3rkR8e0	823254062
20150505073639	2	gh_1bed55d79ef5	
19700109032548	1	odhzEjr8-g4-Fvj9e3-0W8FbNd4k	null
20150506155413	2	gh_1bed55d79ef5	null
19700109034725	1	odhzEjvBmK7fKjv7YQqUDPReAS_0	null
20150506161550	2	gh_1bed55d79ef5	null
19700110095018	1	odhzEjkXuUxdq0AILoVA99qpNqSU	节奏：无可言喻4h
20150507221849	2	gh_1bed55d79ef5	无可言喻，长度=2:32，BPM=160.0，4h难度=8.0，满键=1938，满分=1140060，SSS=1134360，SS=1111559，S=1083057
19700110095034	1	odhzEjkXuUxdq0AILoVA99qpNqSU	节奏：无可言喻4h
20150507221905	2	gh_1bed55d79ef5	无可言喻，长度=2:32，BPM=160.0，4h难度=8.0，满键=1938，满分=1140060，SSS=1134360，SS=1111559，S=1083057
19700111203000	1	odhzEjoLkAZmA8shOxPfrnGX4z20	节奏: 神秘歌曲084h
20150509085830	2	gh_1bed55d79ef5	名字包含“ 神秘歌曲08”的歌曲共有0首。
19700111203051	1	odhzEjoLkAZmA8shOxPfrnGX4z20	节奏: 神秘歌曲014h
20150509085921	2	gh_1bed55d79ef5	名字包含“ 神秘歌曲01”的歌曲共有0首。
19700111203143	1	odhzEjoLkAZmA8shOxPfrnGX4z20	节奏: 神秘歌曲4h
20150509090013	2	gh_1bed55d79ef5	名字包含“ 神秘歌曲”的歌曲共有0首。
19700111203206	1	odhzEjoLkAZmA8shOxPfrnGX4z20	节奏: 蜂鸟4h
20150509090036	2	gh_1bed55d79ef5	名字包含“ 蜂鸟”的歌曲共有0首。
19700111203250	1	odhzEjoLkAZmA8shOxPfrnGX4z20	节奏:神秘歌曲094n
20150509090120	2	gh_1bed55d79ef5	神秘歌曲09，长度=2:31，BPM=124.0，4n难度=6.0，满键=858，满分=492060，SSS=489600，SS=479759，S=467457
19700111203300	1	odhzEjoLkAZmA8shOxPfrnGX4z20	节奏:神秘歌曲084n
20150509090130	2	gh_1bed55d79ef5	程序出错
19700111203315	1	odhzEjoLkAZmA8shOxPfrnGX4z20	节奏:神秘歌曲094h
20150509090145	2	gh_1bed55d79ef5	程序出错
19700111203354	1	odhzEjoLkAZmA8shOxPfrnGX4z20	节奏:神秘歌曲014h
20150509090224	2	gh_1bed55d79ef5	程序出错
19700111203400	1	odhzEjoLkAZmA8shOxPfrnGX4z20	节奏:神秘歌曲094n
20150509090230	2	gh_1bed55d79ef5	神秘歌曲09，长度=2:31，BPM=124.0，4n难度=6.0，满键=858，满分=492060，SSS=489600，SS=479759，S=467457
19700111203451	1	odhzEjoLkAZmA8shOxPfrnGX4z20	节奏:神秘歌曲074n
20150509090322	2	gh_1bed55d79ef5	神秘歌曲07，长度=2:22，BPM=132.0，4n难度=5.0，满键=886，满分=508860，SSS=506316，SS=496139，S=483417
19700111203517	1	odhzEjoLkAZmA8shOxPfrnGX4z20	节奏:神秘歌曲074h
20150509090347	2	gh_1bed55d79ef5	程序出错
19700111203655	1	odhzEjoLkAZmA8shOxPfrnGX4z20	节奏:卡农4h
20150509090525	2	gh_1bed55d79ef5	名字包含“卡农”的歌曲共有1首:《卡农-摇滚版》。
19700111203733	1	odhzEjoLkAZmA8shOxPfrnGX4z20	节奏:君往何处6h
20150509090603	2	gh_1bed55d79ef5	君往何处，长度=2:14，BPM=160.0，6h难度=9.0，满键=1461，满分=853860，SSS=849591，SS=832514，S=811167
19700111205221	1	odhzEjl8jd2WVp_XLKWtcuPRyS5M	null
20150509092051	2	gh_1bed55d79ef5	null
19700111205244	1	odhzEjl8jd2WVp_XLKWtcuPRyS5M	三国恋4h
20150509092114	2	gh_1bed55d79ef5	
19700111205244	1	odhzEjl8jd2WVp_XLKWtcuPRyS5M	三国恋4h
20150509092124	2	gh_1bed55d79ef5	
19700111205244	1	odhzEjl8jd2WVp_XLKWtcuPRyS5M	三国恋4h
20150509092135	2	gh_1bed55d79ef5	
19700111205316	1	odhzEjl8jd2WVp_XLKWtcuPRyS5M	三国恋4h
20150509092146	2	gh_1bed55d79ef5	
19700111205316	1	odhzEjl8jd2WVp_XLKWtcuPRyS5M	三国恋4h
20150509092156	2	gh_1bed55d79ef5	
19700111205316	1	odhzEjl8jd2WVp_XLKWtcuPRyS5M	三国恋4h
20150509092207	2	gh_1bed55d79ef5	
19700111205520	1	odhzEjl8jd2WVp_XLKWtcuPRyS5M	节奏:三国恋4h
20150509092350	2	gh_1bed55d79ef5	三国恋，长度=2:06，BPM=76.0，4h难度=6.0，满键=510，满分=283260，SSS=281844，SS=276179，S=269097
19700111205633	1	odhzEjl8jd2WVp_XLKWtcuPRyS5M	节奏:神秘歌曲084h
20150509092503	2	gh_1bed55d79ef5	神秘歌曲08，长度=2:12，BPM=190.0，4h难度=8.0，满键=1642，满分=962460，SSS=957648，SS=938399，S=914337
19700111205851	1	odhzEjoLkAZmA8shOxPfrnGX4z20	节奏:神秘歌曲084h
20150509092721	2	gh_1bed55d79ef5	神秘歌曲08，长度=2:12，BPM=190.0，4h难度=8.0，满键=1642，满分=962460，SSS=957648，SS=938399，S=914337
19700111205944	1	odhzEjoLkAZmA8shOxPfrnGX4z20	节奏:神秘歌曲014h
20150509092814	2	gh_1bed55d79ef5	程序出错
19700111205952	1	odhzEjoLkAZmA8shOxPfrnGX4z20	节奏:神秘歌曲014h
20150509092822	2	gh_1bed55d79ef5	程序出错
19700111210051	1	odhzEjoLkAZmA8shOxPfrnGX4z20	节奏: 神秘歌曲084h
20150509092921	2	gh_1bed55d79ef5	名字包含“ 神秘歌曲08”的歌曲共有0首。
19700111210106	1	odhzEjoLkAZmA8shOxPfrnGX4z20	节奏:神秘歌曲094h
20150509092936	2	gh_1bed55d79ef5	程序出错
19700111210119	1	odhzEjoLkAZmA8shOxPfrnGX4z20	节奏:神秘歌曲084h
20150509092949	2	gh_1bed55d79ef5	神秘歌曲08，长度=2:12，BPM=190.0，4h难度=8.0，满键=1642，满分=962460，SSS=957648，SS=938399，S=914337
19700111210126	1	odhzEjoLkAZmA8shOxPfrnGX4z20	节奏:神秘歌曲094h
20150509092957	2	gh_1bed55d79ef5	程序出错
19700111210239	1	odhzEjl8jd2WVp_XLKWtcuPRyS5M	节奏:神秘歌曲094h
20150509093109	2	gh_1bed55d79ef5	程序出错
19700111210249	1	odhzEjl8jd2WVp_XLKWtcuPRyS5M	节奏:神秘歌曲094h
20150509093119	2	gh_1bed55d79ef5	程序出错
19700113053759	1	odhzEjr8-g4-Fvj9e3-0W8FbNd4k	Halloween4h
20150510180626	2	gh_1bed55d79ef5	
19700113053759	1	odhzEjr8-g4-Fvj9e3-0W8FbNd4k	Halloween4h
20150510180636	2	gh_1bed55d79ef5	
19700113053759	1	odhzEjr8-g4-Fvj9e3-0W8FbNd4k	Halloween4h
20150510180646	2	gh_1bed55d79ef5	
19700113053942	1	odhzEjr8-g4-Fvj9e3-0W8FbNd4k	DNA4h
20150510180809	2	gh_1bed55d79ef5	
19700113053942	1	odhzEjr8-g4-Fvj9e3-0W8FbNd4k	DNA4h
20150510180820	2	gh_1bed55d79ef5	
19700113053942	1	odhzEjr8-g4-Fvj9e3-0W8FbNd4k	DNA4h
20150510180830	2	gh_1bed55d79ef5	
19700113055604	1	odhzEjr8-g4-Fvj9e3-0W8FbNd4k	DNAhard4h
20150510182431	2	gh_1bed55d79ef5	
19700113055604	1	odhzEjr8-g4-Fvj9e3-0W8FbNd4k	DNAhard4h
20150510182441	2	gh_1bed55d79ef5	
19700113055620	1	odhzEjr8-g4-Fvj9e3-0W8FbNd4k	DNA4hhard
20150510182447	2	gh_1bed55d79ef5	
19700113055604	1	odhzEjr8-g4-Fvj9e3-0W8FbNd4k	DNAhard4h
20150510182451	2	gh_1bed55d79ef5	
19700113055620	1	odhzEjr8-g4-Fvj9e3-0W8FbNd4k	DNA4hhard
20150510182458	2	gh_1bed55d79ef5	
19700113055620	1	odhzEjr8-g4-Fvj9e3-0W8FbNd4k	DNA4hhard
20150510182508	2	gh_1bed55d79ef5	
19700113062615	1	odhzEjkXuUxdq0AILoVA99qpNqSU	爸爸去哪儿4n
20150510185443	2	gh_1bed55d79ef5	
19700113062615	1	odhzEjkXuUxdq0AILoVA99qpNqSU	爸爸去哪儿4n
20150510185453	2	gh_1bed55d79ef5	
19700113062615	1	odhzEjkXuUxdq0AILoVA99qpNqSU	爸爸去哪儿4n
20150510185504	2	gh_1bed55d79ef5	
19700113062654	1	odhzEjkXuUxdq0AILoVA99qpNqSU	节奏：爸爸去哪儿4n
20150510185523	2	gh_1bed55d79ef5	爸爸去哪儿，长度=2:18，BPM=101.0，4n难度=4.0，满键=550，满分=307260，SSS=305724，SS=299579，S=291897
19700114132931	1	odhzEjr8-g4-Fvj9e3-0W8FbNd4k	...
20150512015800	2	gh_1bed55d79ef5	
19700114132931	1	odhzEjr8-g4-Fvj9e3-0W8FbNd4k	...
20150512015810	2	gh_1bed55d79ef5	
19700114132931	1	odhzEjr8-g4-Fvj9e3-0W8FbNd4k	...
20150512015820	2	gh_1bed55d79ef5	
19700116042452	1	odhzEjr8-g4-Fvj9e3-0W8FbNd4k	爸爸去哪儿4n
20150513165318	2	gh_1bed55d79ef5	
19700116042452	1	odhzEjr8-g4-Fvj9e3-0W8FbNd4k	爸爸去哪儿4n
20150513165339	2	gh_1bed55d79ef5	
19700116043106	1	odhzEjr8-g4-Fvj9e3-0W8FbNd4k	节奏:爸爸去哪儿4n
20150513165932	2	gh_1bed55d79ef5	爸爸去哪儿，长度=2:18，BPM=101.0，4n难度=4.0，满键=550，满分=307260，SSS=305724，SS=299579，S=291897
19700116044429	1	odhzEjr8-g4-Fvj9e3-0W8FbNd4k	节奏:爸爸去哪儿4h
20150513171254	2	gh_1bed55d79ef5	爸爸去哪儿，长度=2:18，BPM=101.0，4h难度=6.0，满键=701，满分=397860，SSS=395871，SS=387914，S=377967
19700116044611	1	odhzEjr8-g4-Fvj9e3-0W8FbNd4k	节奏:Halloween4e
20150513171436	2	gh_1bed55d79ef5	Halloween，长度=2:47，BPM=133.0，4e难度=3.0，满键=644，满分=363660，SSS=361842，SS=354569，S=345477
19700116044657	1	odhzEjr8-g4-Fvj9e3-0W8FbNd4k	节奏:DNA4n
20150513171522	2	gh_1bed55d79ef5	DNA，长度=1:56，BPM=122.0，4n难度=4.0，满键=708，满分=402060，SSS=400050，SS=392009，S=381957
19700116044830	1	odhzEjr8-g4-Fvj9e3-0W8FbNd4k	节奏:Roly-Poly4n
20150513171655	2	gh_1bed55d79ef5	Roly-Poly，长度=1:50，BPM=130.0，4n难度=5.0，满键=766，满分=436860，SSS=434676，SS=425939，S=415017
19700116102500	1	odhzEjr8-g4-Fvj9e3-0W8FbNd4k	节奏:自新大陆4e
20150513225325	2	gh_1bed55d79ef5	自新大陆，长度=1:59，BPM=160.0，4e难度=3.0，满键=466，满分=256860，SSS=255576，SS=250439，S=244017
19700116102523	1	odhzEjr8-g4-Fvj9e3-0W8FbNd4k	节奏:自新大陆4n
20150513225348	2	gh_1bed55d79ef5	自新大陆，长度=1:59，BPM=160.0，4n难度=6.0，满键=926，满分=532860，SSS=530196，SS=519539，S=506217
19700116102601	1	odhzEjr8-g4-Fvj9e3-0W8FbNd4k	节奏:暖暖4h
20150513225426	2	gh_1bed55d79ef5	暖暖，长度=2:13，BPM=104.01，4h难度=6.0，满键=969，满分=558660，SSS=555867，SS=544694，S=530727
19700116103240	1	odhzEjr8-g4-Fvj9e3-0W8FbNd4k	节奏:神秘歌曲254n
20150513230104	2	gh_1bed55d79ef5	神秘歌曲25，长度=2:57，BPM=129.0，4n难度=6.0，满键=1204，满分=699660，SSS=696162，SS=682169，S=664677
19700116103905	1	odhzEjr8-g4-Fvj9e3-0W8FbNd4k	节奏:Summer Time4h
20150513230740	2	gh_1bed55d79ef5	Summer Time，长度=2:07，BPM=120.0，4h难度=7.0，满键=641，满分=361860，SSS=360051，SS=352814，S=343767
19700116104517	1	odhzEjr8-g4-Fvj9e3-0W8FbNd4k	节奏:老子说4h
20150513231342	2	gh_1bed55d79ef5	老子说，长度=2:21，BPM=148.0，4h难度=7.0，满键=1055，满分=610260，SSS=607209，SS=595004，S=579747
19700116105200	1	odhzEjr8-g4-Fvj9e3-0W8FbNd4k	节奏:神秘歌曲324n
20150513232025	2	gh_1bed55d79ef5	名字包含“神秘歌曲32”的歌曲共有0首。
19700117003253	1	odhzEjr8-g4-Fvj9e3-0W8FbNd4k	节奏:Live It Up4h
20150514130135	2	gh_1bed55d79ef5	Live It Up，长度=1:56，BPM=128.0，4h难度=7.0，满键=819，满分=468660，SSS=466317，SS=456944，S=445227
19700117003334	1	odhzEjr8-g4-Fvj9e3-0W8FbNd4k	节奏:木星3号4h
20150514130214	2	gh_1bed55d79ef5	木星3号，长度=2:30，BPM=140.0，4h难度=7.0，满键=1229，满分=714660，SSS=711087，SS=696794，S=678927
19700120034949	1	odhzEjl8jd2WVp_XLKWtcuPRyS5M	节奏:Shatter Me5h
20150517161846	2	gh_1bed55d79ef5	Shatter Me，长度=2:22，BPM=145.0，5h难度=8.0，满键=1474，满分=861660，SSS=857352，SS=840119，S=818577
19700121000634	1	odhzEjr8-g4-Fvj9e3-0W8FbNd4k	节奏:NB BLAST4h
20150518123530	2	gh_1bed55d79ef5	NB BLAST，长度=2:31，BPM=140.0，4h难度=8.0，满键=1591，满分=931860，SSS=927201，SS=908564，S=885267
19700121000901	1	odhzEjr8-g4-Fvj9e3-0W8FbNd4k	节奏：暗夜苏醒4n
20150518123756	2	gh_1bed55d79ef5	暗夜苏醒，长度=2:34，BPM=174.0，4n难度=7.0，满键=1184，满分=687660，SSS=684222，SS=670469，S=653277
19700121000957	1	odhzEjr8-g4-Fvj9e3-0W8FbNd4k	DNA4e
20150518123850	2	gh_1bed55d79ef5	
19700121000957	1	odhzEjr8-g4-Fvj9e3-0W8FbNd4k	DNA4e
20150518123900	2	gh_1bed55d79ef5	
19700121001010	1	odhzEjr8-g4-Fvj9e3-0W8FbNd4k	节奏：DNA4e
20150518123904	2	gh_1bed55d79ef5	DNA，长度=1:56，BPM=122.0，4e难度=2.0，满键=242，满分=122460，SSS=121848，SS=119399，S=116337
19700121000957	1	odhzEjr8-g4-Fvj9e3-0W8FbNd4k	DNA4e
20150518123910	2	gh_1bed55d79ef5	
19700121001139	1	odhzEjr8-g4-Fvj9e3-0W8FbNd4k	节奏：DNA4h
20150518124033	2	gh_1bed55d79ef5	DNA，长度=1:56，BPM=122.0，4h难度=7.0，满键=762，满分=434460，SSS=432288，SS=423599，S=412737
19700121001324	1	odhzEjr8-g4-Fvj9e3-0W8FbNd4k	节奏：Say Somethin4e
20150518124218	2	gh_1bed55d79ef5	Say Somethin，长度=1:49，BPM=130.0，4e难度=3.0，满键=399，满分=216660，SSS=215577，SS=211244，S=205827
19700121001339	1	odhzEjr8-g4-Fvj9e3-0W8FbNd4k	节奏：好胆你就来4n
20150518124233	2	gh_1bed55d79ef5	好胆你就来，长度=2:15，BPM=120.0，4n难度=4.0，满键=705，满分=400260，SSS=398259，SS=390254，S=380247
19700121001349	1	odhzEjr8-g4-Fvj9e3-0W8FbNd4k	节奏：他的猫4n
20150518124243	2	gh_1bed55d79ef5	他的猫，长度=2:26，BPM=86.5，4n难度=4.0，满键=835，满分=478260，SSS=475869，SS=466304，S=454347
19700121001403	1	odhzEjr8-g4-Fvj9e3-0W8FbNd4k	节奏：极速梦想4e
20150518124258	2	gh_1bed55d79ef5	极速梦想，长度=2:05，BPM=166.0，4e难度=5.0，满键=1078，满分=624060，SSS=620940，SS=608459，S=592857
19700121001415	1	odhzEjr8-g4-Fvj9e3-0W8FbNd4k	节奏：东风破4n
20150518124309	2	gh_1bed55d79ef5	东风破，长度=2:30，BPM=73.0，4n难度=5.0，满键=529，满分=294660，SSS=293187，SS=287294，S=279927
19691214064632	1	odhzEjr8-g4-Fvj9e3-0W8FbNd4k	节奏：极速梦想4e
20150530121846	2	gh_1bed55d79ef5	极速梦想，长度=2:05，BPM=166.0，4e难度=5.0，满键=1078，满分=624060，SSS=620940，SS=608459，S=592857
19691214064723	1	odhzEjr8-g4-Fvj9e3-0W8FbNd4k	节奏:This Is Halloween4n
20150530121937	2	gh_1bed55d79ef5	This Is Halloween，长度=2:20，BPM=84.0，4n难度=4.0，满键=551，满分=307860，SSS=306321，SS=300164，S=292467
19691214064805	1	odhzEjr8-g4-Fvj9e3-0W8FbNd4k	节奏:飞跃的心4e
20150530122019	2	gh_1bed55d79ef5	名字包含“飞跃的心”的歌曲共有0首。
19691214064824	1	odhzEjr8-g4-Fvj9e3-0W8FbNd4k	节奏:飞越的心4n
20150530122049	2	gh_1bed55d79ef5	飞越的心，长度=2:26，BPM=119.0，4n难度=4.0，满键=942，满分=542460，SSS=539748，SS=528899，S=515337
19691214071124	1	odhzEjr8-g4-Fvj9e3-0W8FbNd4k	节奏:SugarFree4n
20150530124244	2	gh_1bed55d79ef5	SugarFree，长度=1:56，BPM=128.0，4n难度=5.0，满键=604，满分=339660，SSS=337962，SS=331169，S=322677
19691217022326	1	odhzEjl8jd2WVp_XLKWtcuPRyS5M	节奏歌曲:噩梦4h
20150602075451	2	gh_1bed55d79ef5	
19691217022326	1	odhzEjl8jd2WVp_XLKWtcuPRyS5M	节奏歌曲:噩梦4h
20150602075501	2	gh_1bed55d79ef5	
19691217022347	1	odhzEjl8jd2WVp_XLKWtcuPRyS5M	节奏:噩梦4h
19691217022326	1	odhzEjl8jd2WVp_XLKWtcuPRyS5M	节奏歌曲:噩梦4h
20150602075512	2	gh_1bed55d79ef5	
20150602075512	2	gh_1bed55d79ef5	噩梦，长度=1:51，BPM=150.0，4h难度=7.0，满键=748，满分=426060，SSS=423930，SS=415409，S=404757
19691217104339	1	odhzEjkXuUxdq0AILoVA99qpNqSU	路线：五角场 环球港
20150602161511	2	gh_1bed55d79ef5	
19691217104339	1	odhzEjkXuUxdq0AILoVA99qpNqSU	路线：五角场 环球港
20150602161521	2	gh_1bed55d79ef5	
19691217104339	1	odhzEjkXuUxdq0AILoVA99qpNqSU	路线：五角场 环球港
20150602161532	2	gh_1bed55d79ef5	
19691217104407	1	odhzEjkXuUxdq0AILoVA99qpNqSU	路线：五角场 环球港
20150602161537	2	gh_1bed55d79ef5	
19691217104407	1	odhzEjkXuUxdq0AILoVA99qpNqSU	路线：五角场 环球港
20150602161548	2	gh_1bed55d79ef5	
19691217104418	1	odhzEjkXuUxdq0AILoVA99qpNqSU	问路：五角场 环球港
20150602161548	2	gh_1bed55d79ef5	发生错误
19691217104407	1	odhzEjkXuUxdq0AILoVA99qpNqSU	路线：五角场 环球港
20150602161558	2	gh_1bed55d79ef5	
19691217104440	1	odhzEjkXuUxdq0AILoVA99qpNqSU	问路：五角场 环球港
20150602161610	2	gh_1bed55d79ef5	发生错误
19691217104618	1	odhzEjkXuUxdq0AILoVA99qpNqSU	上海天气
20150602161750	2	gh_1bed55d79ef5	发生错误
19691217105817	1	odhzEjkXuUxdq0AILoVA99qpNqSU	问路：五角场 环球港
20150602162934	2	gh_1bed55d79ef5	发生错误
19691217110102	1	odhzEjkXuUxdq0AILoVA99qpNqSU	问路：五角场 环球港
20150602163221	2	gh_1bed55d79ef5	done
19691217110135	1	odhzEjkXuUxdq0AILoVA99qpNqSU	问路：五角场 环球港
20150602163323	2	gh_1bed55d79ef5	done
19691217110310	1	odhzEjkXuUxdq0AILoVA99qpNqSU	问路：五角场 环球港
20150602163947	2	gh_1bed55d79ef5	done
19691217110844	1	odhzEjkXuUxdq0AILoVA99qpNqSU	问路：五角场 环球港
20150602164154	2	gh_1bed55d79ef5	done
19691217111047	1	odhzEjkXuUxdq0AILoVA99qpNqSU	问路：五角场 环球港
20150602164205	2	gh_1bed55d79ef5	五角场 到 月星・环球港，距离13544米，路线：<br/>从<b>起点</b>向东南方向出发,走100米,<b>直走</b>进入<b>黄兴路</b><br/>沿<b>黄兴路</b>走260米,<b>向右后方转</b><br/>继续沿<b>黄兴路</b>走20米,<b>左转</b><br/>走170米,<b>向右前方转</b><br/>走110米,<b>左转</b>进入<b>四平路</b><br/>沿<b>四平路</b>走310米,<b>右转</b><b>过人行道</b>,<b>继续向前</b>进入<b>国定路</b><br/>沿<b>国定路</b>走270米,<b>左转</b><b>过人行道</b>,<b>继续向前</b>进入<b>政修路</b><br/>沿<b>政修路</b>走120米,<b>直走</b><b>过人行道</b>,<b>继续向前</b><br/>继续沿<b>政修路</b>走920米,<b>直走</b>进入<b>密云路</b><br/>沿<b>密云路</b>走310米,<b>向右前方转</b>进入<b>中山北二路</b><br/>沿<b>中山北二路</b>走910米,<b>直走</b><b>过人行道</b>,<b>继续向前</b><br/>继续沿<b>中山北二路</b>走220米,<b>左转</b><b>过人行道</b>,<b>继续向前</b>进入<b>东体育会路</b><br/>沿<b>东体育会路</b>走690米,<b>右转</b>进入<b>玉田路</b><br/>沿<b>玉田路</b>走310米,<b>左转</b>进入<b>中山北一路</b><br/>沿<b>中山北一路</b>走260米,<b>直走</b><b>过人行道</b>,<b>继续向前</b><br/>继续沿<b>中山北一路</b>走450米,<b>直走</b><b>过人行道</b>,<b>继续向前</b><br/>继续沿<b>中山北一路</b>走600米,<b>直走</b><b>过人行道</b>,<b>继续向前</b><br/>继续沿<b>中山北一路</b>走440米,<b>直走</b>进入<b>中山北路</b><br/>沿<b>中山北路</b>走270米,<b>直走</b><b>过人行道</b>,<b>继续向前</b><br/>继续沿<b>中山北路</b>走640米,<b>直走</b><b>过人行道</b>,<b>继续向前</b><br/>继续沿<b>中山北路</b>走500米,<b>直走</b><b>过人行通道</b>,<b>继续向前</b><br/>继续沿<b>中山北路</b>走250米,<b>直走</b><b>过人行道</b>,<b>继续向前</b><br/>继续沿<b>中山北路</b>走890米,<b>向左前方转</b>,<b>经人行道穿过马路并继续向前</b><br/>继续沿<b>中山北路</b>走1.9公里,<b>直走</b><b>过人行道</b>,<b>继续向前</b><br/>继续沿<b>中山北路</b>走310米,<b>直走</b><b>过人行道</b>,<b>继续向前</b><br/>继续沿<b>中山北路</b>走1.3公里,<b>直走</b><b>过人行道</b>,<b>继续向前</b><br/>继续沿<b>中山北路</b>走460米,<b>直走</b><b>过人行道</b>,<b>继续向前</b><br/>继续沿<b>中山北路</b>走550米,到达<b>终点</b>
19691217111047	1	odhzEjkXuUxdq0AILoVA99qpNqSU	问路：五角场 环球港
20150602164217	2	gh_1bed55d79ef5	五角场 到 月星・环球港，距离13544米，路线：<br/>从<b>起点</b>向东南方向出发,走100米,<b>直走</b>进入<b>黄兴路</b><br/>沿<b>黄兴路</b>走260米,<b>向右后方转</b><br/>继续沿<b>黄兴路</b>走20米,<b>左转</b><br/>走170米,<b>向右前方转</b><br/>走110米,<b>左转</b>进入<b>四平路</b><br/>沿<b>四平路</b>走310米,<b>右转</b><b>过人行道</b>,<b>继续向前</b>进入<b>国定路</b><br/>沿<b>国定路</b>走270米,<b>左转</b><b>过人行道</b>,<b>继续向前</b>进入<b>政修路</b><br/>沿<b>政修路</b>走120米,<b>直走</b><b>过人行道</b>,<b>继续向前</b><br/>继续沿<b>政修路</b>走920米,<b>直走</b>进入<b>密云路</b><br/>沿<b>密云路</b>走310米,<b>向右前方转</b>进入<b>中山北二路</b><br/>沿<b>中山北二路</b>走910米,<b>直走</b><b>过人行道</b>,<b>继续向前</b><br/>继续沿<b>中山北二路</b>走220米,<b>左转</b><b>过人行道</b>,<b>继续向前</b>进入<b>东体育会路</b><br/>沿<b>东体育会路</b>走690米,<b>右转</b>进入<b>玉田路</b><br/>沿<b>玉田路</b>走310米,<b>左转</b>进入<b>中山北一路</b><br/>沿<b>中山北一路</b>走260米,<b>直走</b><b>过人行道</b>,<b>继续向前</b><br/>继续沿<b>中山北一路</b>走450米,<b>直走</b><b>过人行道</b>,<b>继续向前</b><br/>继续沿<b>中山北一路</b>走600米,<b>直走</b><b>过人行道</b>,<b>继续向前</b><br/>继续沿<b>中山北一路</b>走440米,<b>直走</b>进入<b>中山北路</b><br/>沿<b>中山北路</b>走270米,<b>直走</b><b>过人行道</b>,<b>继续向前</b><br/>继续沿<b>中山北路</b>走640米,<b>直走</b><b>过人行道</b>,<b>继续向前</b><br/>继续沿<b>中山北路</b>走500米,<b>直走</b><b>过人行通道</b>,<b>继续向前</b><br/>继续沿<b>中山北路</b>走250米,<b>直走</b><b>过人行道</b>,<b>继续向前</b><br/>继续沿<b>中山北路</b>走890米,<b>向左前方转</b>,<b>经人行道穿过马路并继续向前</b><br/>继续沿<b>中山北路</b>走1.9公里,<b>直走</b><b>过人行道</b>,<b>继续向前</b><br/>继续沿<b>中山北路</b>走310米,<b>直走</b><b>过人行道</b>,<b>继续向前</b><br/>继续沿<b>中山北路</b>走1.3公里,<b>直走</b><b>过人行道</b>,<b>继续向前</b><br/>继续沿<b>中山北路</b>走460米,<b>直走</b><b>过人行道</b>,<b>继续向前</b><br/>继续沿<b>中山北路</b>走550米,到达<b>终点</b>
19691217111047	1	odhzEjkXuUxdq0AILoVA99qpNqSU	问路：五角场 环球港
20150602164227	2	gh_1bed55d79ef5	五角场 到 月星・环球港，距离13544米，路线：<br/>从<b>起点</b>向东南方向出发,走100米,<b>直走</b>进入<b>黄兴路</b><br/>沿<b>黄兴路</b>走260米,<b>向右后方转</b><br/>继续沿<b>黄兴路</b>走20米,<b>左转</b><br/>走170米,<b>向右前方转</b><br/>走110米,<b>左转</b>进入<b>四平路</b><br/>沿<b>四平路</b>走310米,<b>右转</b><b>过人行道</b>,<b>继续向前</b>进入<b>国定路</b><br/>沿<b>国定路</b>走270米,<b>左转</b><b>过人行道</b>,<b>继续向前</b>进入<b>政修路</b><br/>沿<b>政修路</b>走120米,<b>直走</b><b>过人行道</b>,<b>继续向前</b><br/>继续沿<b>政修路</b>走920米,<b>直走</b>进入<b>密云路</b><br/>沿<b>密云路</b>走310米,<b>向右前方转</b>进入<b>中山北二路</b><br/>沿<b>中山北二路</b>走910米,<b>直走</b><b>过人行道</b>,<b>继续向前</b><br/>继续沿<b>中山北二路</b>走220米,<b>左转</b><b>过人行道</b>,<b>继续向前</b>进入<b>东体育会路</b><br/>沿<b>东体育会路</b>走690米,<b>右转</b>进入<b>玉田路</b><br/>沿<b>玉田路</b>走310米,<b>左转</b>进入<b>中山北一路</b><br/>沿<b>中山北一路</b>走260米,<b>直走</b><b>过人行道</b>,<b>继续向前</b><br/>继续沿<b>中山北一路</b>走450米,<b>直走</b><b>过人行道</b>,<b>继续向前</b><br/>继续沿<b>中山北一路</b>走600米,<b>直走</b><b>过人行道</b>,<b>继续向前</b><br/>继续沿<b>中山北一路</b>走440米,<b>直走</b>进入<b>中山北路</b><br/>沿<b>中山北路</b>走270米,<b>直走</b><b>过人行道</b>,<b>继续向前</b><br/>继续沿<b>中山北路</b>走640米,<b>直走</b><b>过人行道</b>,<b>继续向前</b><br/>继续沿<b>中山北路</b>走500米,<b>直走</b><b>过人行通道</b>,<b>继续向前</b><br/>继续沿<b>中山北路</b>走250米,<b>直走</b><b>过人行道</b>,<b>继续向前</b><br/>继续沿<b>中山北路</b>走890米,<b>向左前方转</b>,<b>经人行道穿过马路并继续向前</b><br/>继续沿<b>中山北路</b>走1.9公里,<b>直走</b><b>过人行道</b>,<b>继续向前</b><br/>继续沿<b>中山北路</b>走310米,<b>直走</b><b>过人行道</b>,<b>继续向前</b><br/>继续沿<b>中山北路</b>走1.3公里,<b>直走</b><b>过人行道</b>,<b>继续向前</b><br/>继续沿<b>中山北路</b>走460米,<b>直走</b><b>过人行道</b>,<b>继续向前</b><br/>继续沿<b>中山北路</b>走550米,到达<b>终点</b>
19691217111258	1	odhzEjkXuUxdq0AILoVA99qpNqSU	问路：环球港 西宫
20150602164416	2	gh_1bed55d79ef5	发生错误
19691217111320	1	odhzEjkXuUxdq0AILoVA99qpNqSU	问路：环球港 西宫
20150602164526	2	gh_1bed55d79ef5	发生错误
19691217111437	1	odhzEjkXuUxdq0AILoVA99qpNqSU	问路：月星・环球港 西宫
20150602164555	2	gh_1bed55d79ef5	发生错误
19691217150703	1	odhzEjkXuUxdq0AILoVA99qpNqSU	问路：金沙江路地铁站 白玉路白兰路
20150602203821	2	gh_1bed55d79ef5	7天连锁酒店(上海华师大金沙江路地铁站店) 到 白兰路/白玉路(路口)，距离1012米，路线：<br/>从<b>起点</b>向正北方向出发,沿<b>中山北路</b>走230米,<b>直走</b><b>过人行道</b>,<b>右转</b>进入<b>宁夏路</b><br/>沿<b>宁夏路</b>走530米,<b>左转</b><br/>走140米,<b>右转</b><br/>走110米,<b>向左前方转</b>进入<b>白玉路</b><br/>沿<b>白玉路</b>走10米,到达<b>终点</b>
19691217162034	1	odhzEjkXuUxdq0AILoVA99qpNqSU	节奏：蜂鸟4n
20150602215203	2	gh_1bed55d79ef5	蜂鸟，长度=2:05，BPM=144.0，4n难度=7.0，满键=1341，满分=781860，SSS=777951，SS=762314，S=742767
19691219131125	1	odhzEjkXuUxdq0AILoVA99qpNqSU	节奏：蜂鸟4n
20150604184246	2	gh_1bed55d79ef5	蜂鸟，长度=2:05，BPM=144.0，4n难度=7.0，满键=1341，满分=781860，SSS=777951，SS=762314，S=742767
19691221155235	1	odhzEjkXuUxdq0AILoVA99qpNqSU	节奏：First Choice4h
20150606212356	2	gh_1bed55d79ef5	First Choice，长度=1:31，BPM=150.0，4h难度=9.0，满键=1061，满分=613860，SSS=610791，SS=598514，S=583167
19691221160054	1	odhzEjkXuUxdq0AILoVA99qpNqSU	节奏：Sexy Love6h
20150606213214	2	gh_1bed55d79ef5	Sexy Love，长度=1:50，BPM=132.0，6h难度=7.0，满键=827，满分=473460，SSS=471093，SS=461624，S=449787
19691221161507	1	odhzEjkXuUxdq0AILoVA99qpNqSU	节奏：Faraway6h
20150606214627	2	gh_1bed55d79ef5	Faraway，长度=2:42，BPM=144.0，6h难度=7.0，满键=1391，满分=811860，SSS=807801，SS=791564，S=771267
19691221174131	1	odhzEjkXuUxdq0AILoVA99qpNqSU	节奏：贝多芬病毒4h
20150606231252	2	gh_1bed55d79ef5	贝多芬病毒，长度=2:16，BPM=156.0，4h难度=10.0，满键=910，满分=523260，SSS=520644，SS=510179，S=497097
19691222005120	1	odhzEjr8-g4-Fvj9e3-0W8FbNd4k	节奏:SugarFree4n
20150607062239	2	gh_1bed55d79ef5	SugarFree，长度=1:56，BPM=128.0，4n难度=5.0，满键=604，满分=339660，SSS=337962，SS=331169，S=322677
19691222005152	1	odhzEjr8-g4-Fvj9e3-0W8FbNd4k	节奏:神秘歌曲364n
20150607062311	2	gh_1bed55d79ef5	名字包含“神秘歌曲36”的歌曲共有0首。
19691222010813	1	odhzEjr8-g4-Fvj9e3-0W8FbNd4k	节奏:雨樱花4n
20150607063932	2	gh_1bed55d79ef5	雨樱花，长度=2:10，BPM=120.0，4n难度=6.0，满键=819，满分=468660，SSS=466317，SS=456944，S=445227
19691223021842	1	odhzEjr8-g4-Fvj9e3-0W8FbNd4k	节奏:神秘歌曲204n
20150608074959	2	gh_1bed55d79ef5	神秘歌曲20，长度=2:21，BPM=160.0，4n难度=6.0，满键=1412，满分=824460，SSS=820338，SS=803849，S=783237
19691224020618	1	odhzEjl8jd2WVp_XLKWtcuPRyS5M	节奏:Tokyo4h
20150609073735	2	gh_1bed55d79ef5	Tokyo，长度=2:29，BPM=128.0，4h难度=7.0，满键=1070，满分=619260，SSS=616164，SS=603779，S=588297
19691224021634	1	odhzEjr8-g4-Fvj9e3-0W8FbNd4k	节奏:PayPhone4h
20150609074750	2	gh_1bed55d79ef5	名字包含“PayPhone”的歌曲共有0首。
19691224021709	1	odhzEjr8-g4-Fvj9e3-0W8FbNd4k	节奏:Payphone4h
20150609074825	2	gh_1bed55d79ef5	Payphone，长度=2:42，BPM=110.0，4h难度=7.0，满键=1228，满分=714060，SSS=710490，SS=696209，S=678357
19691227073035	1	odhzEjr8-g4-Fvj9e3-0W8FbNd4k	节奏:Rock Cylinder4h
20150612130218	2	gh_1bed55d79ef5	Rock Cylinder，长度=2:16，BPM=165.0，4h难度=8.0，满键=1747，满分=1025460，SSS=1020333，SS=999824，S=974187
19691227073142	1	odhzEjr8-g4-Fvj9e3-0W8FbNd4k	节奏:神秘歌曲154h
20150612130303	2	gh_1bed55d79ef5	神秘歌曲15，长度=3:11，BPM=143.0，4h难度=8.0，满键=1980，满分=1165260，SSS=1159434，SS=1136129，S=1106997
19700102151955	1	odhzEjl8jd2WVp_XLKWtcuPRyS5M	节奏:Megaburn4h
20150618205139	2	gh_1bed55d79ef5	Megaburn，长度=2:08，BPM=173.0，4h难度=9.0，满键=1518，满分=888060，SSS=883620，SS=865859，S=843657
19700102151939	1	odhzEjl8jd2WVp_XLKWtcuPRyS5M	节奏:Megaburn4h
20150618205140	2	gh_1bed55d79ef5	Megaburn，长度=2:08，BPM=173.0，4h难度=9.0，满键=1518，满分=888060，SSS=883620，SS=865859，S=843657
19700104012147	1	odhzEjkXuUxdq0AILoVA99qpNqSU	镇江天气
20150620065258	2	gh_1bed55d79ef5	镇江周六 06月20日多云，东北风微风，29 ~ 21℃，明日阵雨，东风微风，27 ~ 21℃，周一阴，东南风3-4级，28 ~ 23℃，周二雷阵雨转小到中雨，东南风3-4级，29 ~ 23℃
19700104012147	1	odhzEjkXuUxdq0AILoVA99qpNqSU	镇江天气
20150620065307	2	gh_1bed55d79ef5	镇江周六 06月20日多云，东北风微风，29 ~ 21℃，明日阵雨，东风微风，27 ~ 21℃，周一阴，东南风3-4级，28 ~ 23℃，周二雷阵雨转小到中雨，东南风3-4级，29 ~ 23℃
19700104143549	1	odhzEjl8jd2WVp_XLKWtcuPRyS5M	节奏:神圣之光4n
20150620200649	2	gh_1bed55d79ef5	神圣之光，长度=2:24，BPM=155.0，4n难度=7.0，满键=1066，满分=616860，SSS=613776，SS=601439，S=586017
19700104143823	1	odhzEjl8jd2WVp_XLKWtcuPRyS5M	节奏:黄金之城4n
20150620200921	2	gh_1bed55d79ef5	黄金之城，长度=2:05，BPM=160.0，4n难度=7.0，满键=1070，满分=619260，SSS=616164，SS=603779，S=588297
19700111142905	1	odhzEjr8-g4-Fvj9e3-0W8FbNd4k	节奏:想念圣诞节4n
20150627195952	2	gh_1bed55d79ef5	想念圣诞节，长度=2:34，BPM=110.0，4n难度=4.0，满键=751，满分=427860，SSS=425721，SS=417164，S=406467
19700111143422	1	odhzEjr8-g4-Fvj9e3-0W8FbNd4k	节奏:独一无二4n
20150627200508	2	gh_1bed55d79ef5	独一无二，长度=1:48，BPM=140.0，4n难度=5.0，满键=563，满分=315060，SSS=313485，SS=307184，S=299307
19700111145151	1	odhzEjr8-g4-Fvj9e3-0W8FbNd4k	节奏:I Miss You4n
20150627202237	2	gh_1bed55d79ef5	I Miss You，长度=2:29，BPM=86.0，4n难度=5.0，满键=804，满分=459660，SSS=457362，SS=448169，S=436677
19700113061025	1	odhzEjl8jd2WVp_XLKWtcuPRyS5M	节奏：黄金之城4h
20150629114109	2	gh_1bed55d79ef5	黄金之城，长度=2:05，BPM=160.0，4h难度=9.0，满键=1369，满分=798660，SSS=794667，SS=778694，S=758727
19700113165416	1	odhzEjr8-g4-Fvj9e3-0W8FbNd4k	节奏:倍儿爽5h
20150629222534	2	gh_1bed55d79ef5	倍儿爽，长度=2:07，BPM=130.0，5h难度=6.0，满键=996，满分=574860，SSS=571986，SS=560489，S=546117
19700113173441	1	odhzEjr8-g4-Fvj9e3-0W8FbNd4k	节奏:Rock Cylinder4h
20150629230558	2	gh_1bed55d79ef5	Rock Cylinder，长度=2:16，BPM=165.0，4h难度=8.0，满键=1747，满分=1025460，SSS=1020333，SS=999824，S=974187
19700113173953	1	odhzEjr8-g4-Fvj9e3-0W8FbNd4k	节奏:神秘歌曲124h
20150629231110	2	gh_1bed55d79ef5	程序出错
19700113174008	1	odhzEjr8-g4-Fvj9e3-0W8FbNd4k	节奏:神秘歌曲234h
20150629231125	2	gh_1bed55d79ef5	神秘歌曲23，长度=2:01，BPM=144.82，4h难度=6.0，满键=990，满分=571260，SSS=568404，SS=556979，S=542697
19700114144539	1	odhzEjr8-g4-Fvj9e3-0W8FbNd4k	节奏:大地4h
20150630201658	2	gh_1bed55d79ef5	大地，长度=2:43，BPM=143.0，4h难度=7.0，满键=1449，满分=846660，SSS=842427，SS=825494，S=804327
19700114191133	1	odhzEjr8-g4-Fvj9e3-0W8FbNd4k	节奏:即客4h
20150701004252	2	gh_1bed55d79ef5	即客，长度=2:22，BPM=132.0，4h难度=7.0，满键=1298，满分=756060，SSS=752280，SS=737159，S=718257
19700114191235	1	odhzEjr8-g4-Fvj9e3-0W8FbNd4k	节奏:神秘歌曲394n
20150701004354	2	gh_1bed55d79ef5	名字包含“神秘歌曲39”的歌曲共有0首。
19700113081213	1	odhzEjkXuUxdq0AILoVA99qpNqSU	节奏：贝多芬病毒4h
20151125165138	2	gh_1bed55d79ef5	程序出错
19700113081245	1	odhzEjkXuUxdq0AILoVA99qpNqSU	节奏：贝多芬病毒4h
20151125165209	2	gh_1bed55d79ef5	贝多芬病毒，长度=2:16，BPM=156.0，4h难度=10.0，满键=910，满分=523260，SSS=520644，SS=510179，S=497097
19700115055950	1	odhzEjkXuUxdq0AILoVA99qpNqSU	上海天气
20151127143919	2	gh_1bed55d79ef5	上海周五 11月27日 (实时：6℃)晴转多云，西北风微风，6 ~ 0℃，明日阴转小雨，东风微风，12 ~ 5℃，周日小雨转多云，西北风微风，13 ~ 7℃，周一晴，西北风微风，14 ~ 10℃
19700115060055	1	odhzEjkXuUxdq0AILoVA99qpNqSU	北京天气
20151127144024	2	gh_1bed55d79ef5	北京周五 11月27日 (实时：-1℃)多云转晴，微风，0 ~ -5℃，明日晴转多云，微风，3 ~ -4℃，周日多云转晴，微风，6 ~ -5℃，周一多云转阴，微风，5 ~ -3℃
19700118142834	1	odhzEjkXuUxdq0AILoVA99qpNqSU	节奏：Bang Bang4n
20151130230757	2	gh_1bed55d79ef5	Bang Bang，长度=2:27，BPM=150.0，4n难度=5.0，满键=943，满分=543060，SSS=540345，SS=529484，S=515907
19700119140525	1	odhzEjkXuUxdq0AILoVA99qpNqSU	节奏：自由飞翔4e
20151201224452	2	gh_1bed55d79ef5	自由飞翔，长度=2:11，BPM=93.0，4e难度=2.0，满键=420，满分=229260，SSS=228114，SS=223529，S=217797
19691228163802	1	odhzEjkXuUxdq0AILoVA99qpNqSU	节奏：卡农-摇滚版4h
20151229182010	2	gh_1bed55d79ef5	卡农-摇滚版，长度=2:33，BPM=200.0，4h难度=10.0，满键=2615，满分=1546260，SSS=1538529，SS=1507604，S=1468947
19700111223453	1	odhzEjr8-g4-Fvj9e3-0W8FbNd4k	null
20160113001724	2	gh_1bed55d79ef5	null
19700111223453	1	odhzEjr8-g4-Fvj9e3-0W8FbNd4k	null
20160113001734	2	gh_1bed55d79ef5	null
19700114045503	1	odhzEjiNb6z4vLyv94DQ_3rkR8e0	卡农4khd
20160115063729	2	gh_1bed55d79ef5	
19700114045503	1	odhzEjiNb6z4vLyv94DQ_3rkR8e0	卡农4khd
20160115063739	2	gh_1bed55d79ef5	
19700114045503	1	odhzEjiNb6z4vLyv94DQ_3rkR8e0	卡农4khd
20160115063749	2	gh_1bed55d79ef5	
19700124113807	1	odhzEjkXuUxdq0AILoVA99qpNqSU	节奏：Em
20160125132110	2	gh_1bed55d79ef5	名字包含“Em”的歌曲共有0首。
19700124113858	1	odhzEjkXuUxdq0AILoVA99qpNqSU	节奏：神秘歌曲445h
20160125132145	2	gh_1bed55d79ef5	程序出错
19691230073804	1	odhzEjkXuUxdq0AILoVA99qpNqSU	节奏：Luna
20160219022320	2	gh_1bed55d79ef5	名字包含“Luna”的歌曲共有1首:《Lunatic Sky》。
19691230074122	1	odhzEjkXuUxdq0AILoVA99qpNqSU	节奏：Lunatic Sky4h
20160219022626	2	gh_1bed55d79ef5	程序出错
19700115114338	1	odhzEjuNIhzWgLEqmZ5Z_FD6nrYU	null
20160424233123	2	gh_1bed55d79ef5	null
19700115114331	1	odhzEjuNIhzWgLEqmZ5Z_FD6nrYU	null
20160424233130	2	gh_1bed55d79ef5	null
19700115114338	1	odhzEjuNIhzWgLEqmZ5Z_FD6nrYU	null
20160424233134	2	gh_1bed55d79ef5	null
19700115114331	1	odhzEjuNIhzWgLEqmZ5Z_FD6nrYU	null
20160424233141	2	gh_1bed55d79ef5	null
19700115114338	1	odhzEjuNIhzWgLEqmZ5Z_FD6nrYU	null
20160424233144	2	gh_1bed55d79ef5	null
19700124204942	1	odhzEjkXuUxdq0AILoVA99qpNqSU	节奏：英雄4n
19700124204942	1	odhzEjkXuUxdq0AILoVA99qpNqSU	节奏：英雄4n
20160930114500	2	gh_1bed55d79ef5	程序出错
20160930114501	2	gh_1bed55d79ef5	程序出错
19700124204942	1	odhzEjkXuUxdq0AILoVA99qpNqSU	节奏：英雄4n
20160930114559	2	gh_1bed55d79ef5	程序出错
19700124205356	1	odhzEjkXuUxdq0AILoVA99qpNqSU	节奏：英雄4n
20160930114850	2	gh_1bed55d79ef5	英雄，长度=2:17，BPM=119.0，4n难度=5.0，满键=748，满分=426060，SSS=423930，SS=415409，S=404757
19700124205429	1	odhzEjkXuUxdq0AILoVA99qpNqSU	节奏：c
20160930114923	2	gh_1bed55d79ef5	名字包含“c”的歌曲共有23首:《Black Swallowtail》，《According To You》，《少女幻葬~Necro Fantasy》，《TicTicToc》，《Jingle Bell Rock》，《Lucky Lucky》，《We Are Never Ever Getting Back Together》，《Fancy》，《Let it Rock》，《She Looks So Perfect》，《First Choice》，《花之舞(Flower dance)》，《Second Choice》，《Space Destiny》，《Rock Cylinder》，《Ripping the Backside》，《Mommie 's Rock》，《I Want My Tears Back》，《Trancetic Mode》，《Lunatic Sky》，《MichiGO》，《Abracadabra》，《Black Make Up》。
19700124205443	1	odhzEjkXuUxdq0AILoVA99qpNqSU	节奏：英雄
20160930114937	2	gh_1bed55d79ef5	英雄，长度=2:17，BPM=119.0，4e=lv3/576，4n=lv5/748，4h=lv8/1266，5e=lv3/576，5n=lv5/748，5h=lv8/1286，6e=lv3/576，6n=lv5/748，6h=lv8/1286
19700124205458	1	odhzEjkXuUxdq0AILoVA99qpNqSU	节奏：初夏
20160930114952	2	gh_1bed55d79ef5	初夏，长度=2:06，BPM=95.0，4e=lv2/280，4n=lv4/380，4h=lv7/735，5e=lv2/280，5n=lv4/380，5h=lv7/735，6e=lv2/280，6n=lv4/380，6h=lv7/735
19700124235515	1	odhzEjkXuUxdq0AILoVA99qpNqSU	英雄4n
20160930145008	2	gh_1bed55d79ef5	
19700124235541	1	odhzEjkXuUxdq0AILoVA99qpNqSU	节奏：英雄4n
20160930145038	2	gh_1bed55d79ef5	英雄，长度=2:17，BPM=119.0，4n难度=5.0，满键=748，满分=426060，SSS=423930，SS=415409，S=404757425958/424533
19700124235609	1	odhzEjkXuUxdq0AILoVA99qpNqSU	节奏：英雄4n
20160930145103	2	gh_1bed55d79ef5	英雄，长度=2:17，BPM=119.0，4n难度=5.0，满键=748，满分=426060，SSS=423930，SS=415409，S=404757得分：425958/424533
19700124235705	1	odhzEjkXuUxdq0AILoVA99qpNqSU	节奏：只是没有如果4e
20160930145159	2	gh_1bed55d79ef5	只是没有如果，长度=2:04，BPM=95.0，4e难度=2.0，满键=410，满分=223260，SSS=222144，SS=217679，S=212097，得分：223260/-
19700124235729	1	odhzEjkXuUxdq0AILoVA99qpNqSU	节奏：please4e
20160930145224	2	gh_1bed55d79ef5	名字包含“please”的歌曲共有0首。
19700124235802	1	odhzEjkXuUxdq0AILoVA99qpNqSU	节奏：please4e
20160930145257	2	gh_1bed55d79ef5	please，长度=2:05，BPM=161.0，4e难度=3.0，满键=444，满分=243660，SSS=242442，SS=237569，S=231477，得分：/242816
19691208065828	1	odhzEjkXuUxdq0AILoVA99qpNqSU	节奏：心之火4n
20161002145614	2	gh_1bed55d79ef5	心之火，长度=2:33，BPM=140.0，4n难度=4.0，满键=884，满分=507660，SSS=505122，SS=494969，S=482277，得分：507660/507467
19691226070852	1	odhzEjkXuUxdq0AILoVA99qpNqSU	节奏：second choice6h
20161020150618	2	gh_1bed55d79ef5	second choice，长度=1:54，BPM=150.0，6h难度=10.0，满键=1388，满分=810060，SSS=806010，SS=789809，S=769557，得分：796732/-
19691226071145	1	odhzEjkXuUxdq0AILoVA99qpNqSU	节奏：unreal6h
20161020150911	2	gh_1bed55d79ef5	unreal，长度=2:30，BPM=200.0，6h难度=8.0，满键=1924，满分=1131660，SSS=1126002，SS=1103369，S=1075077，得分：1126130/1117445
